9    DEBUG [2020-01-19 22:47:33]  Loading template for "cart.ftl"("zh_CN", UTF-8, parsed) from "F:\\Intellij_IDEA\\WeChat-Mall\\Wechat-Mall-Parent\\wechat-mall-web\\wechat-mall-mobile-web\\target\\classes\\templates\\cart.ftl"
156  DEBUG [2020-01-19 22:47:33]  "cart.ftl"("zh_CN", UTF-8, parsed) cached copy not yet stale; using cached.
49444 DEBUG [2020-01-19 22:48:22]  Couldn't find template in cache for "orderDetail.ftl"("zh_CN", UTF-8, parsed); will try to load it.
49446 DEBUG [2020-01-19 22:48:22]  TemplateLoader.findTemplateSource("orderDetail_zh_CN.ftl"): Not found
49446 DEBUG [2020-01-19 22:48:22]  TemplateLoader.findTemplateSource("orderDetail_zh.ftl"): Not found
49447 DEBUG [2020-01-19 22:48:22]  TemplateLoader.findTemplateSource("orderDetail.ftl"): Found
49450 DEBUG [2020-01-19 22:48:22]  Loading template for "orderDetail.ftl"("zh_CN", UTF-8, parsed) from "F:\\Intellij_IDEA\\WeChat-Mall\\Wechat-Mall-Parent\\wechat-mall-web\\wechat-mall-mobile-web\\target\\classes\\templates\\orderDetail.ftl"
49456 DEBUG [2020-01-19 22:48:22]  "orderDetail.ftl"("zh_CN", UTF-8, parsed) cached copy not yet stale; using cached.
76646 DEBUG [2020-01-19 22:48:49]  TemplateLoader.findTemplateSource("cart_zh_CN.ftl"): Not found
76646 DEBUG [2020-01-19 22:48:49]  TemplateLoader.findTemplateSource("cart_zh.ftl"): Not found
76646 DEBUG [2020-01-19 22:48:49]  TemplateLoader.findTemplateSource("cart.ftl"): Found
76647 DEBUG [2020-01-19 22:48:49]  "cart.ftl"("zh_CN", UTF-8, parsed): using cached since F:\Intellij_IDEA\WeChat-Mall\Wechat-Mall-Parent\wechat-mall-web\wechat-mall-mobile-web\target\classes\templates\cart.ftl hasn't changed.
76647 DEBUG [2020-01-19 22:48:49]  "cart.ftl"("zh_CN", UTF-8, parsed) cached copy not yet stale; using cached.
80142 DEBUG [2020-01-19 22:48:53]  TemplateLoader.findTemplateSource("orderDetail_zh_CN.ftl"): Not found
80143 DEBUG [2020-01-19 22:48:53]  TemplateLoader.findTemplateSource("orderDetail_zh.ftl"): Not found
80144 DEBUG [2020-01-19 22:48:53]  TemplateLoader.findTemplateSource("orderDetail.ftl"): Found
80144 DEBUG [2020-01-19 22:48:53]  "orderDetail.ftl"("zh_CN", UTF-8, parsed): using cached since F:\Intellij_IDEA\WeChat-Mall\Wechat-Mall-Parent\wechat-mall-web\wechat-mall-mobile-web\target\classes\templates\orderDetail.ftl hasn't changed.
80144 DEBUG [2020-01-19 22:48:53]  "orderDetail.ftl"("zh_CN", UTF-8, parsed) cached copy not yet stale; using cached.
89597 DEBUG [2020-01-19 22:49:02]  Couldn't find template in cache for "usercenter.ftl"("zh_CN", UTF-8, parsed); will try to load it.
89597 DEBUG [2020-01-19 22:49:02]  TemplateLoader.findTemplateSource("usercenter_zh_CN.ftl"): Not found
89598 DEBUG [2020-01-19 22:49:02]  TemplateLoader.findTemplateSource("usercenter_zh.ftl"): Not found
89598 DEBUG [2020-01-19 22:49:02]  TemplateLoader.findTemplateSource("usercenter.ftl"): Found
89598 DEBUG [2020-01-19 22:49:02]  Loading template for "usercenter.ftl"("zh_CN", UTF-8, parsed) from "F:\\Intellij_IDEA\\WeChat-Mall\\Wechat-Mall-Parent\\wechat-mall-web\\wechat-mall-mobile-web\\target\\classes\\templates\\usercenter.ftl"
89626 DEBUG [2020-01-19 22:49:02]  "usercenter.ftl"("zh_CN", UTF-8, parsed) cached copy not yet stale; using cached.
93776 DEBUG [2020-01-19 22:49:07]  Couldn't find template in cache for "index.ftl"("zh_CN", UTF-8, parsed); will try to load it.
93776 DEBUG [2020-01-19 22:49:07]  TemplateLoader.findTemplateSource("index_zh_CN.ftl"): Not found
93777 DEBUG [2020-01-19 22:49:07]  TemplateLoader.findTemplateSource("index_zh.ftl"): Not found
93777 DEBUG [2020-01-19 22:49:07]  TemplateLoader.findTemplateSource("index.ftl"): Found
93777 DEBUG [2020-01-19 22:49:07]  Loading template for "index.ftl"("zh_CN", UTF-8, parsed) from "F:\\Intellij_IDEA\\WeChat-Mall\\Wechat-Mall-Parent\\wechat-mall-web\\wechat-mall-mobile-web\\target\\classes\\templates\\index.ftl"
93844 DEBUG [2020-01-19 22:49:07]  "index.ftl"("zh_CN", UTF-8, parsed) cached copy not yet stale; using cached.
97206 DEBUG [2020-01-19 22:49:10]  Couldn't find template in cache for "itemDesc.ftl"("zh_CN", UTF-8, parsed); will try to load it.
97207 DEBUG [2020-01-19 22:49:10]  TemplateLoader.findTemplateSource("itemDesc_zh_CN.ftl"): Not found
97207 DEBUG [2020-01-19 22:49:10]  TemplateLoader.findTemplateSource("itemDesc_zh.ftl"): Not found
97207 DEBUG [2020-01-19 22:49:10]  TemplateLoader.findTemplateSource("itemDesc.ftl"): Found
97208 DEBUG [2020-01-19 22:49:10]  Loading template for "itemDesc.ftl"("zh_CN", UTF-8, parsed) from "F:\\Intellij_IDEA\\WeChat-Mall\\Wechat-Mall-Parent\\wechat-mall-web\\wechat-mall-mobile-web\\target\\classes\\templates\\itemDesc.ftl"
97232 DEBUG [2020-01-19 22:49:10]  "itemDesc.ftl"("zh_CN", UTF-8, parsed) cached copy not yet stale; using cached.
100766 DEBUG [2020-01-19 22:49:14]  TemplateLoader.findTemplateSource("cart_zh_CN.ftl"): Not found
100766 DEBUG [2020-01-19 22:49:14]  TemplateLoader.findTemplateSource("cart_zh.ftl"): Not found
100767 DEBUG [2020-01-19 22:49:14]  TemplateLoader.findTemplateSource("cart.ftl"): Found
100767 DEBUG [2020-01-19 22:49:14]  "cart.ftl"("zh_CN", UTF-8, parsed): using cached since F:\Intellij_IDEA\WeChat-Mall\Wechat-Mall-Parent\wechat-mall-web\wechat-mall-mobile-web\target\classes\templates\cart.ftl hasn't changed.
100767 DEBUG [2020-01-19 22:49:14]  "cart.ftl"("zh_CN", UTF-8, parsed) cached copy not yet stale; using cached.
105846 DEBUG [2020-01-19 22:49:19]  TemplateLoader.findTemplateSource("orderDetail_zh_CN.ftl"): Not found
105846 DEBUG [2020-01-19 22:49:19]  TemplateLoader.findTemplateSource("orderDetail_zh.ftl"): Not found
105847 DEBUG [2020-01-19 22:49:19]  TemplateLoader.findTemplateSource("orderDetail.ftl"): Found
105847 DEBUG [2020-01-19 22:49:19]  "orderDetail.ftl"("zh_CN", UTF-8, parsed): using cached since F:\Intellij_IDEA\WeChat-Mall\Wechat-Mall-Parent\wechat-mall-web\wechat-mall-mobile-web\target\classes\templates\orderDetail.ftl hasn't changed.
105847 DEBUG [2020-01-19 22:49:19]  "orderDetail.ftl"("zh_CN", UTF-8, parsed) cached copy not yet stale; using cached.
116298 DEBUG [2020-01-19 22:49:29]  TemplateLoader.findTemplateSource("orderDetail_zh_CN.ftl"): Not found
116298 DEBUG [2020-01-19 22:49:29]  TemplateLoader.findTemplateSource("orderDetail_zh.ftl"): Not found
116299 DEBUG [2020-01-19 22:49:29]  TemplateLoader.findTemplateSource("orderDetail.ftl"): Found
116299 DEBUG [2020-01-19 22:49:29]  "orderDetail.ftl"("zh_CN", UTF-8, parsed): using cached since F:\Intellij_IDEA\WeChat-Mall\Wechat-Mall-Parent\wechat-mall-web\wechat-mall-mobile-web\target\classes\templates\orderDetail.ftl hasn't changed.
116299 DEBUG [2020-01-19 22:49:29]  "orderDetail.ftl"("zh_CN", UTF-8, parsed) cached copy not yet stale; using cached.
435183 DEBUG [2020-01-19 22:54:48]  TemplateLoader.findTemplateSource("orderDetail_zh_CN.ftl"): Not found
435184 DEBUG [2020-01-19 22:54:48]  TemplateLoader.findTemplateSource("orderDetail_zh.ftl"): Not found
435184 DEBUG [2020-01-19 22:54:48]  TemplateLoader.findTemplateSource("orderDetail.ftl"): Found
435184 DEBUG [2020-01-19 22:54:48]  Updating source because: lastModifiedNotChanged=false, cached.lastModified=1579419449004 != source.lastModified=1579445617347
435185 DEBUG [2020-01-19 22:54:48]  Loading template for "orderDetail.ftl"("zh_CN", UTF-8, parsed) from "F:\\Intellij_IDEA\\WeChat-Mall\\Wechat-Mall-Parent\\wechat-mall-web\\wechat-mall-mobile-web\\target\\classes\\templates\\orderDetail.ftl"
435187 DEBUG [2020-01-19 22:54:48]  "orderDetail.ftl"("zh_CN", UTF-8, parsed) cached copy not yet stale; using cached.
457541 DEBUG [2020-01-19 22:55:10]  TemplateLoader.findTemplateSource("index_zh_CN.ftl"): Not found
457542 DEBUG [2020-01-19 22:55:10]  TemplateLoader.findTemplateSource("index_zh.ftl"): Not found
457542 DEBUG [2020-01-19 22:55:10]  TemplateLoader.findTemplateSource("index.ftl"): Found
457542 DEBUG [2020-01-19 22:55:10]  "index.ftl"("zh_CN", UTF-8, parsed): using cached since F:\Intellij_IDEA\WeChat-Mall\Wechat-Mall-Parent\wechat-mall-web\wechat-mall-mobile-web\target\classes\templates\index.ftl hasn't changed.
457542 DEBUG [2020-01-19 22:55:10]  "index.ftl"("zh_CN", UTF-8, parsed) cached copy not yet stale; using cached.
461715 DEBUG [2020-01-19 22:55:14]  TemplateLoader.findTemplateSource("itemDesc_zh_CN.ftl"): Not found
461716 DEBUG [2020-01-19 22:55:14]  TemplateLoader.findTemplateSource("itemDesc_zh.ftl"): Not found
461716 DEBUG [2020-01-19 22:55:14]  TemplateLoader.findTemplateSource("itemDesc.ftl"): Found
461716 DEBUG [2020-01-19 22:55:14]  "itemDesc.ftl"("zh_CN", UTF-8, parsed): using cached since F:\Intellij_IDEA\WeChat-Mall\Wechat-Mall-Parent\wechat-mall-web\wechat-mall-mobile-web\target\classes\templates\itemDesc.ftl hasn't changed.
461716 DEBUG [2020-01-19 22:55:14]  "itemDesc.ftl"("zh_CN", UTF-8, parsed) cached copy not yet stale; using cached.
464672 DEBUG [2020-01-19 22:55:17]  TemplateLoader.findTemplateSource("index_zh_CN.ftl"): Not found
464673 DEBUG [2020-01-19 22:55:17]  TemplateLoader.findTemplateSource("index_zh.ftl"): Not found
464673 DEBUG [2020-01-19 22:55:17]  TemplateLoader.findTemplateSource("index.ftl"): Found
464673 DEBUG [2020-01-19 22:55:17]  "index.ftl"("zh_CN", UTF-8, parsed): using cached since F:\Intellij_IDEA\WeChat-Mall\Wechat-Mall-Parent\wechat-mall-web\wechat-mall-mobile-web\target\classes\templates\index.ftl hasn't changed.
464673 DEBUG [2020-01-19 22:55:17]  "index.ftl"("zh_CN", UTF-8, parsed) cached copy not yet stale; using cached.
466563 DEBUG [2020-01-19 22:55:19]  "itemDesc.ftl"("zh_CN", UTF-8, parsed) cached copy not yet stale; using cached.
466563 DEBUG [2020-01-19 22:55:19]  "itemDesc.ftl"("zh_CN", UTF-8, parsed) cached copy not yet stale; using cached.
469313 DEBUG [2020-01-19 22:55:22]  TemplateLoader.findTemplateSource("cart_zh_CN.ftl"): Not found
469314 DEBUG [2020-01-19 22:55:22]  TemplateLoader.findTemplateSource("cart_zh.ftl"): Not found
469314 DEBUG [2020-01-19 22:55:22]  TemplateLoader.findTemplateSource("cart.ftl"): Found
469314 DEBUG [2020-01-19 22:55:22]  "cart.ftl"("zh_CN", UTF-8, parsed): using cached since F:\Intellij_IDEA\WeChat-Mall\Wechat-Mall-Parent\wechat-mall-web\wechat-mall-mobile-web\target\classes\templates\cart.ftl hasn't changed.
469315 DEBUG [2020-01-19 22:55:22]  "cart.ftl"("zh_CN", UTF-8, parsed) cached copy not yet stale; using cached.
475935 DEBUG [2020-01-19 22:55:29]  TemplateLoader.findTemplateSource("orderDetail_zh_CN.ftl"): Not found
475936 DEBUG [2020-01-19 22:55:29]  TemplateLoader.findTemplateSource("orderDetail_zh.ftl"): Not found
475937 DEBUG [2020-01-19 22:55:29]  TemplateLoader.findTemplateSource("orderDetail.ftl"): Found
475937 DEBUG [2020-01-19 22:55:29]  "orderDetail.ftl"("zh_CN", UTF-8, parsed): using cached since F:\Intellij_IDEA\WeChat-Mall\Wechat-Mall-Parent\wechat-mall-web\wechat-mall-mobile-web\target\classes\templates\orderDetail.ftl hasn't changed.
475937 DEBUG [2020-01-19 22:55:29]  "orderDetail.ftl"("zh_CN", UTF-8, parsed) cached copy not yet stale; using cached.
0    DEBUG [2020-01-19 23:08:47]  Couldn't find template in cache for "cart.ftl"("zh_CN", UTF-8, parsed); will try to load it.
3    DEBUG [2020-01-19 23:08:47]  TemplateLoader.findTemplateSource("cart_zh_CN.ftl"): Not found
5    DEBUG [2020-01-19 23:08:47]  TemplateLoader.findTemplateSource("cart_zh.ftl"): Not found
6    DEBUG [2020-01-19 23:08:47]  TemplateLoader.findTemplateSource("cart.ftl"): Found
6    DEBUG [2020-01-19 23:08:47]  Loading template for "cart.ftl"("zh_CN", UTF-8, parsed) from "F:\\Intellij_IDEA\\WeChat-Mall\\Wechat-Mall-Parent\\wechat-mall-web\\wechat-mall-mobile-web\\target\\classes\\templates\\cart.ftl"
118  DEBUG [2020-01-19 23:08:47]  "cart.ftl"("zh_CN", UTF-8, parsed) cached copy not yet stale; using cached.
4439 DEBUG [2020-01-19 23:08:52]  Couldn't find template in cache for "orderDetail.ftl"("zh_CN", UTF-8, parsed); will try to load it.
4440 DEBUG [2020-01-19 23:08:52]  TemplateLoader.findTemplateSource("orderDetail_zh_CN.ftl"): Not found
4440 DEBUG [2020-01-19 23:08:52]  TemplateLoader.findTemplateSource("orderDetail_zh.ftl"): Not found
4440 DEBUG [2020-01-19 23:08:52]  TemplateLoader.findTemplateSource("orderDetail.ftl"): Found
4440 DEBUG [2020-01-19 23:08:52]  Loading template for "orderDetail.ftl"("zh_CN", UTF-8, parsed) from "F:\\Intellij_IDEA\\WeChat-Mall\\Wechat-Mall-Parent\\wechat-mall-web\\wechat-mall-mobile-web\\target\\classes\\templates\\orderDetail.ftl"
4445 DEBUG [2020-01-19 23:08:52]  "orderDetail.ftl"("zh_CN", UTF-8, parsed) cached copy not yet stale; using cached.
0    DEBUG [2020-01-19 23:11:49]  Couldn't find template in cache for "orderDetail.ftl"("zh_CN", UTF-8, parsed); will try to load it.
3    DEBUG [2020-01-19 23:11:49]  TemplateLoader.findTemplateSource("orderDetail_zh_CN.ftl"): Not found
4    DEBUG [2020-01-19 23:11:49]  TemplateLoader.findTemplateSource("orderDetail_zh.ftl"): Not found
5    DEBUG [2020-01-19 23:11:49]  TemplateLoader.findTemplateSource("orderDetail.ftl"): Found
5    DEBUG [2020-01-19 23:11:49]  Loading template for "orderDetail.ftl"("zh_CN", UTF-8, parsed) from "F:\\Intellij_IDEA\\WeChat-Mall\\Wechat-Mall-Parent\\wechat-mall-web\\wechat-mall-mobile-web\\target\\classes\\templates\\orderDetail.ftl"
121  DEBUG [2020-01-19 23:11:49]  "orderDetail.ftl"("zh_CN", UTF-8, parsed) cached copy not yet stale; using cached.
273575 DEBUG [2020-01-19 23:16:23]  Couldn't find template in cache for "index.ftl"("zh_CN", UTF-8, parsed); will try to load it.
273576 DEBUG [2020-01-19 23:16:23]  TemplateLoader.findTemplateSource("index_zh_CN.ftl"): Not found
273577 DEBUG [2020-01-19 23:16:23]  TemplateLoader.findTemplateSource("index_zh.ftl"): Not found
273577 DEBUG [2020-01-19 23:16:23]  TemplateLoader.findTemplateSource("index.ftl"): Found
273577 DEBUG [2020-01-19 23:16:23]  Loading template for "index.ftl"("zh_CN", UTF-8, parsed) from "F:\\Intellij_IDEA\\WeChat-Mall\\Wechat-Mall-Parent\\wechat-mall-web\\wechat-mall-mobile-web\\target\\classes\\templates\\index.ftl"
273590 DEBUG [2020-01-19 23:16:23]  "index.ftl"("zh_CN", UTF-8, parsed) cached copy not yet stale; using cached.
281460 DEBUG [2020-01-19 23:16:30]  Couldn't find template in cache for "usercenter.ftl"("zh_CN", UTF-8, parsed); will try to load it.
281461 DEBUG [2020-01-19 23:16:30]  TemplateLoader.findTemplateSource("usercenter_zh_CN.ftl"): Not found
281461 DEBUG [2020-01-19 23:16:30]  TemplateLoader.findTemplateSource("usercenter_zh.ftl"): Not found
281461 DEBUG [2020-01-19 23:16:30]  TemplateLoader.findTemplateSource("usercenter.ftl"): Found
281461 DEBUG [2020-01-19 23:16:30]  Loading template for "usercenter.ftl"("zh_CN", UTF-8, parsed) from "F:\\Intellij_IDEA\\WeChat-Mall\\Wechat-Mall-Parent\\wechat-mall-web\\wechat-mall-mobile-web\\target\\classes\\templates\\usercenter.ftl"
281464 DEBUG [2020-01-19 23:16:30]  "usercenter.ftl"("zh_CN", UTF-8, parsed) cached copy not yet stale; using cached.
335963 DEBUG [2020-01-19 23:17:25]  TemplateLoader.findTemplateSource("usercenter_zh_CN.ftl"): Not found
335963 DEBUG [2020-01-19 23:17:25]  TemplateLoader.findTemplateSource("usercenter_zh.ftl"): Not found
335965 DEBUG [2020-01-19 23:17:25]  TemplateLoader.findTemplateSource("usercenter.ftl"): Found
335965 DEBUG [2020-01-19 23:17:25]  "usercenter.ftl"("zh_CN", UTF-8, parsed): using cached since F:\Intellij_IDEA\WeChat-Mall\Wechat-Mall-Parent\wechat-mall-web\wechat-mall-mobile-web\target\classes\templates\usercenter.ftl hasn't changed.
335966 DEBUG [2020-01-19 23:17:25]  "usercenter.ftl"("zh_CN", UTF-8, parsed) cached copy not yet stale; using cached.
338067 DEBUG [2020-01-19 23:17:27]  "usercenter.ftl"("zh_CN", UTF-8, parsed) cached copy not yet stale; using cached.
338068 DEBUG [2020-01-19 23:17:27]  "usercenter.ftl"("zh_CN", UTF-8, parsed) cached copy not yet stale; using cached.
756629 DEBUG [2020-01-19 23:24:26]  Couldn't find template in cache for "itemDesc.ftl"("zh_CN", UTF-8, parsed); will try to load it.
756630 DEBUG [2020-01-19 23:24:26]  TemplateLoader.findTemplateSource("itemDesc_zh_CN.ftl"): Not found
756631 DEBUG [2020-01-19 23:24:26]  TemplateLoader.findTemplateSource("itemDesc_zh.ftl"): Not found
756632 DEBUG [2020-01-19 23:24:26]  TemplateLoader.findTemplateSource("itemDesc.ftl"): Found
756632 DEBUG [2020-01-19 23:24:26]  Loading template for "itemDesc.ftl"("zh_CN", UTF-8, parsed) from "F:\\Intellij_IDEA\\WeChat-Mall\\Wechat-Mall-Parent\\wechat-mall-web\\wechat-mall-mobile-web\\target\\classes\\templates\\itemDesc.ftl"
756636 DEBUG [2020-01-19 23:24:26]  "itemDesc.ftl"("zh_CN", UTF-8, parsed) cached copy not yet stale; using cached.
762350 DEBUG [2020-01-19 23:24:31]  TemplateLoader.findTemplateSource("itemDesc_zh_CN.ftl"): Not found
762351 DEBUG [2020-01-19 23:24:31]  TemplateLoader.findTemplateSource("itemDesc_zh.ftl"): Not found
762351 DEBUG [2020-01-19 23:24:31]  TemplateLoader.findTemplateSource("itemDesc.ftl"): Found
762351 DEBUG [2020-01-19 23:24:31]  "itemDesc.ftl"("zh_CN", UTF-8, parsed): using cached since F:\Intellij_IDEA\WeChat-Mall\Wechat-Mall-Parent\wechat-mall-web\wechat-mall-mobile-web\target\classes\templates\itemDesc.ftl hasn't changed.
762351 DEBUG [2020-01-19 23:24:31]  "itemDesc.ftl"("zh_CN", UTF-8, parsed) cached copy not yet stale; using cached.
774732 DEBUG [2020-01-19 23:24:44]  TemplateLoader.findTemplateSource("itemDesc_zh_CN.ftl"): Not found
774733 DEBUG [2020-01-19 23:24:44]  TemplateLoader.findTemplateSource("itemDesc_zh.ftl"): Not found
774733 DEBUG [2020-01-19 23:24:44]  TemplateLoader.findTemplateSource("itemDesc.ftl"): Found
774733 DEBUG [2020-01-19 23:24:44]  "itemDesc.ftl"("zh_CN", UTF-8, parsed): using cached since F:\Intellij_IDEA\WeChat-Mall\Wechat-Mall-Parent\wechat-mall-web\wechat-mall-mobile-web\target\classes\templates\itemDesc.ftl hasn't changed.
774734 DEBUG [2020-01-19 23:24:44]  "itemDesc.ftl"("zh_CN", UTF-8, parsed) cached copy not yet stale; using cached.
807230 DEBUG [2020-01-19 23:25:16]  TemplateLoader.findTemplateSource("itemDesc_zh_CN.ftl"): Not found
807231 DEBUG [2020-01-19 23:25:16]  TemplateLoader.findTemplateSource("itemDesc_zh.ftl"): Not found
807231 DEBUG [2020-01-19 23:25:16]  TemplateLoader.findTemplateSource("itemDesc.ftl"): Found
807231 DEBUG [2020-01-19 23:25:16]  "itemDesc.ftl"("zh_CN", UTF-8, parsed): using cached since F:\Intellij_IDEA\WeChat-Mall\Wechat-Mall-Parent\wechat-mall-web\wechat-mall-mobile-web\target\classes\templates\itemDesc.ftl hasn't changed.
807232 DEBUG [2020-01-19 23:25:16]  "itemDesc.ftl"("zh_CN", UTF-8, parsed) cached copy not yet stale; using cached.
812084 DEBUG [2020-01-19 23:25:21]  "itemDesc.ftl"("zh_CN", UTF-8, parsed) cached copy not yet stale; using cached.
812085 DEBUG [2020-01-19 23:25:21]  "itemDesc.ftl"("zh_CN", UTF-8, parsed) cached copy not yet stale; using cached.
815943 DEBUG [2020-01-19 23:25:25]  TemplateLoader.findTemplateSource("itemDesc_zh_CN.ftl"): Not found
815943 DEBUG [2020-01-19 23:25:25]  TemplateLoader.findTemplateSource("itemDesc_zh.ftl"): Not found
815943 DEBUG [2020-01-19 23:25:25]  TemplateLoader.findTemplateSource("itemDesc.ftl"): Found
815944 DEBUG [2020-01-19 23:25:25]  "itemDesc.ftl"("zh_CN", UTF-8, parsed): using cached since F:\Intellij_IDEA\WeChat-Mall\Wechat-Mall-Parent\wechat-mall-web\wechat-mall-mobile-web\target\classes\templates\itemDesc.ftl hasn't changed.
815944 DEBUG [2020-01-19 23:25:25]  "itemDesc.ftl"("zh_CN", UTF-8, parsed) cached copy not yet stale; using cached.
818133 DEBUG [2020-01-19 23:25:27]  "itemDesc.ftl"("zh_CN", UTF-8, parsed) cached copy not yet stale; using cached.
818133 DEBUG [2020-01-19 23:25:27]  "itemDesc.ftl"("zh_CN", UTF-8, parsed) cached copy not yet stale; using cached.
827455 DEBUG [2020-01-19 23:25:36]  TemplateLoader.findTemplateSource("itemDesc_zh_CN.ftl"): Not found
827456 DEBUG [2020-01-19 23:25:36]  TemplateLoader.findTemplateSource("itemDesc_zh.ftl"): Not found
827456 DEBUG [2020-01-19 23:25:36]  TemplateLoader.findTemplateSource("itemDesc.ftl"): Found
827456 DEBUG [2020-01-19 23:25:36]  "itemDesc.ftl"("zh_CN", UTF-8, parsed): using cached since F:\Intellij_IDEA\WeChat-Mall\Wechat-Mall-Parent\wechat-mall-web\wechat-mall-mobile-web\target\classes\templates\itemDesc.ftl hasn't changed.
827456 DEBUG [2020-01-19 23:25:36]  "itemDesc.ftl"("zh_CN", UTF-8, parsed) cached copy not yet stale; using cached.
858770 DEBUG [2020-01-19 23:26:08]  TemplateLoader.findTemplateSource("itemDesc_zh_CN.ftl"): Not found
858770 DEBUG [2020-01-19 23:26:08]  TemplateLoader.findTemplateSource("itemDesc_zh.ftl"): Not found
858771 DEBUG [2020-01-19 23:26:08]  TemplateLoader.findTemplateSource("itemDesc.ftl"): Found
858771 DEBUG [2020-01-19 23:26:08]  "itemDesc.ftl"("zh_CN", UTF-8, parsed): using cached since F:\Intellij_IDEA\WeChat-Mall\Wechat-Mall-Parent\wechat-mall-web\wechat-mall-mobile-web\target\classes\templates\itemDesc.ftl hasn't changed.
858771 DEBUG [2020-01-19 23:26:08]  "itemDesc.ftl"("zh_CN", UTF-8, parsed) cached copy not yet stale; using cached.
0    DEBUG [2020-01-19 23:30:31]  Couldn't find template in cache for "index.ftl"("zh_CN", UTF-8, parsed); will try to load it.
4    DEBUG [2020-01-19 23:30:31]  TemplateLoader.findTemplateSource("index_zh_CN.ftl"): Not found
6    DEBUG [2020-01-19 23:30:31]  TemplateLoader.findTemplateSource("index_zh.ftl"): Not found
7    DEBUG [2020-01-19 23:30:31]  TemplateLoader.findTemplateSource("index.ftl"): Found
7    DEBUG [2020-01-19 23:30:31]  Loading template for "index.ftl"("zh_CN", UTF-8, parsed) from "F:\\Intellij_IDEA\\WeChat-Mall\\Wechat-Mall-Parent\\wechat-mall-web\\wechat-mall-mobile-web\\target\\classes\\templates\\index.ftl"
152  DEBUG [2020-01-19 23:30:31]  "index.ftl"("zh_CN", UTF-8, parsed) cached copy not yet stale; using cached.
16332 DEBUG [2020-01-19 23:30:47]  TemplateLoader.findTemplateSource("index_zh_CN.ftl"): Not found
16333 DEBUG [2020-01-19 23:30:47]  TemplateLoader.findTemplateSource("index_zh.ftl"): Not found
16333 DEBUG [2020-01-19 23:30:47]  TemplateLoader.findTemplateSource("index.ftl"): Found
16333 DEBUG [2020-01-19 23:30:47]  "index.ftl"("zh_CN", UTF-8, parsed): using cached since F:\Intellij_IDEA\WeChat-Mall\Wechat-Mall-Parent\wechat-mall-web\wechat-mall-mobile-web\target\classes\templates\index.ftl hasn't changed.
16333 DEBUG [2020-01-19 23:30:47]  "index.ftl"("zh_CN", UTF-8, parsed) cached copy not yet stale; using cached.
1    DEBUG [2020-01-20 13:18:01]  Couldn't find template in cache for "login.ftl"("zh_CN", UTF-8, parsed); will try to load it.
43   DEBUG [2020-01-20 13:18:01]  TemplateLoader.findTemplateSource("login_zh_CN.ftl"): Not found
44   DEBUG [2020-01-20 13:18:01]  TemplateLoader.findTemplateSource("login_zh.ftl"): Not found
45   DEBUG [2020-01-20 13:18:01]  TemplateLoader.findTemplateSource("login.ftl"): Found
46   DEBUG [2020-01-20 13:18:01]  Loading template for "login.ftl"("zh_CN", UTF-8, parsed) from "F:\\Intellij_IDEA\\WeChat-Mall\\Wechat-Mall-Parent\\wechat-mall-web\\wechat-mall-mobile-web\\target\\classes\\templates\\login.ftl"
122  DEBUG [2020-01-20 13:18:01]  "login.ftl"("zh_CN", UTF-8, parsed) cached copy not yet stale; using cached.
31408 DEBUG [2020-01-20 13:18:33]  Couldn't find template in cache for "index.ftl"("zh_CN", UTF-8, parsed); will try to load it.
31409 DEBUG [2020-01-20 13:18:33]  TemplateLoader.findTemplateSource("index_zh_CN.ftl"): Not found
31410 DEBUG [2020-01-20 13:18:33]  TemplateLoader.findTemplateSource("index_zh.ftl"): Not found
31410 DEBUG [2020-01-20 13:18:33]  TemplateLoader.findTemplateSource("index.ftl"): Found
31410 DEBUG [2020-01-20 13:18:33]  Loading template for "index.ftl"("zh_CN", UTF-8, parsed) from "F:\\Intellij_IDEA\\WeChat-Mall\\Wechat-Mall-Parent\\wechat-mall-web\\wechat-mall-mobile-web\\target\\classes\\templates\\index.ftl"
31545 DEBUG [2020-01-20 13:18:33]  "index.ftl"("zh_CN", UTF-8, parsed) cached copy not yet stale; using cached.
36914 DEBUG [2020-01-20 13:18:38]  Couldn't find template in cache for "error.ftl"("zh_CN", UTF-8, parsed); will try to load it.
36914 DEBUG [2020-01-20 13:18:38]  TemplateLoader.findTemplateSource("error_zh_CN.ftl"): Not found
36915 DEBUG [2020-01-20 13:18:38]  TemplateLoader.findTemplateSource("error_zh.ftl"): Not found
36915 DEBUG [2020-01-20 13:18:38]  TemplateLoader.findTemplateSource("error.ftl"): Found
36915 DEBUG [2020-01-20 13:18:38]  Loading template for "error.ftl"("zh_CN", UTF-8, parsed) from "F:\\Intellij_IDEA\\WeChat-Mall\\Wechat-Mall-Parent\\wechat-mall-web\\wechat-mall-mobile-web\\target\\classes\\templates\\error.ftl"
36916 DEBUG [2020-01-20 13:18:38]  "error.ftl"("zh_CN", UTF-8, parsed) cached copy not yet stale; using cached.
50490 DEBUG [2020-01-20 13:18:52]  TemplateLoader.findTemplateSource("login_zh_CN.ftl"): Not found
50491 DEBUG [2020-01-20 13:18:52]  TemplateLoader.findTemplateSource("login_zh.ftl"): Not found
50491 DEBUG [2020-01-20 13:18:52]  TemplateLoader.findTemplateSource("login.ftl"): Found
50491 DEBUG [2020-01-20 13:18:52]  "login.ftl"("zh_CN", UTF-8, parsed): using cached since F:\Intellij_IDEA\WeChat-Mall\Wechat-Mall-Parent\wechat-mall-web\wechat-mall-mobile-web\target\classes\templates\login.ftl hasn't changed.
50492 DEBUG [2020-01-20 13:18:52]  "login.ftl"("zh_CN", UTF-8, parsed) cached copy not yet stale; using cached.
155698 DEBUG [2020-01-20 13:20:37]  TemplateLoader.findTemplateSource("index_zh_CN.ftl"): Not found
155699 DEBUG [2020-01-20 13:20:37]  TemplateLoader.findTemplateSource("index_zh.ftl"): Not found
155700 DEBUG [2020-01-20 13:20:37]  TemplateLoader.findTemplateSource("index.ftl"): Found
155700 DEBUG [2020-01-20 13:20:37]  "index.ftl"("zh_CN", UTF-8, parsed): using cached since F:\Intellij_IDEA\WeChat-Mall\Wechat-Mall-Parent\wechat-mall-web\wechat-mall-mobile-web\target\classes\templates\index.ftl hasn't changed.
155700 DEBUG [2020-01-20 13:20:37]  "index.ftl"("zh_CN", UTF-8, parsed) cached copy not yet stale; using cached.
158661 DEBUG [2020-01-20 13:20:40]  TemplateLoader.findTemplateSource("error_zh_CN.ftl"): Not found
158662 DEBUG [2020-01-20 13:20:40]  TemplateLoader.findTemplateSource("error_zh.ftl"): Not found
158662 DEBUG [2020-01-20 13:20:40]  TemplateLoader.findTemplateSource("error.ftl"): Found
158662 DEBUG [2020-01-20 13:20:40]  "error.ftl"("zh_CN", UTF-8, parsed): using cached since F:\Intellij_IDEA\WeChat-Mall\Wechat-Mall-Parent\wechat-mall-web\wechat-mall-mobile-web\target\classes\templates\error.ftl hasn't changed.
158662 DEBUG [2020-01-20 13:20:40]  "error.ftl"("zh_CN", UTF-8, parsed) cached copy not yet stale; using cached.
1    DEBUG [2020-01-20 13:21:09]  Couldn't find template in cache for "error.ftl"("zh_CN", UTF-8, parsed); will try to load it.
5    DEBUG [2020-01-20 13:21:09]  TemplateLoader.findTemplateSource("error_zh_CN.ftl"): Not found
7    DEBUG [2020-01-20 13:21:09]  TemplateLoader.findTemplateSource("error_zh.ftl"): Not found
9    DEBUG [2020-01-20 13:21:09]  TemplateLoader.findTemplateSource("error.ftl"): Found
12   DEBUG [2020-01-20 13:21:09]  Loading template for "error.ftl"("zh_CN", UTF-8, parsed) from "F:\\Intellij_IDEA\\WeChat-Mall\\Wechat-Mall-Parent\\wechat-mall-web\\wechat-mall-mobile-web\\target\\classes\\templates\\error.ftl"
46   DEBUG [2020-01-20 13:21:09]  "error.ftl"("zh_CN", UTF-8, parsed) cached copy not yet stale; using cached.
2476 DEBUG [2020-01-20 13:21:11]  "error.ftl"("zh_CN", UTF-8, parsed) cached copy not yet stale; using cached.
2477 DEBUG [2020-01-20 13:21:11]  "error.ftl"("zh_CN", UTF-8, parsed) cached copy not yet stale; using cached.
4478 DEBUG [2020-01-20 13:21:13]  Couldn't find template in cache for "login.ftl"("zh_CN", UTF-8, parsed); will try to load it.
4479 DEBUG [2020-01-20 13:21:13]  TemplateLoader.findTemplateSource("login_zh_CN.ftl"): Not found
4479 DEBUG [2020-01-20 13:21:13]  TemplateLoader.findTemplateSource("login_zh.ftl"): Not found
4479 DEBUG [2020-01-20 13:21:13]  TemplateLoader.findTemplateSource("login.ftl"): Found
4480 DEBUG [2020-01-20 13:21:13]  Loading template for "login.ftl"("zh_CN", UTF-8, parsed) from "F:\\Intellij_IDEA\\WeChat-Mall\\Wechat-Mall-Parent\\wechat-mall-web\\wechat-mall-mobile-web\\target\\classes\\templates\\login.ftl"
4498 DEBUG [2020-01-20 13:21:13]  "login.ftl"("zh_CN", UTF-8, parsed) cached copy not yet stale; using cached.
360985 DEBUG [2020-01-20 13:27:10]  Couldn't find template in cache for "index.ftl"("zh_CN", UTF-8, parsed); will try to load it.
360985 DEBUG [2020-01-20 13:27:10]  TemplateLoader.findTemplateSource("index_zh_CN.ftl"): Not found
360985 DEBUG [2020-01-20 13:27:10]  TemplateLoader.findTemplateSource("index_zh.ftl"): Not found
360986 DEBUG [2020-01-20 13:27:10]  TemplateLoader.findTemplateSource("index.ftl"): Found
360986 DEBUG [2020-01-20 13:27:10]  Loading template for "index.ftl"("zh_CN", UTF-8, parsed) from "F:\\Intellij_IDEA\\WeChat-Mall\\Wechat-Mall-Parent\\wechat-mall-web\\wechat-mall-mobile-web\\target\\classes\\templates\\index.ftl"
361175 DEBUG [2020-01-20 13:27:10]  "index.ftl"("zh_CN", UTF-8, parsed) cached copy not yet stale; using cached.
0    DEBUG [2020-01-20 13:31:48]  Couldn't find template in cache for "login.ftl"("zh_CN", UTF-8, parsed); will try to load it.
3    DEBUG [2020-01-20 13:31:48]  TemplateLoader.findTemplateSource("login_zh_CN.ftl"): Not found
5    DEBUG [2020-01-20 13:31:48]  TemplateLoader.findTemplateSource("login_zh.ftl"): Not found
6    DEBUG [2020-01-20 13:31:48]  TemplateLoader.findTemplateSource("login.ftl"): Found
7    DEBUG [2020-01-20 13:31:48]  Loading template for "login.ftl"("zh_CN", UTF-8, parsed) from "F:\\Intellij_IDEA\\WeChat-Mall\\Wechat-Mall-Parent\\wechat-mall-web\\wechat-mall-mobile-web\\target\\classes\\templates\\login.ftl"
54   DEBUG [2020-01-20 13:31:48]  "login.ftl"("zh_CN", UTF-8, parsed) cached copy not yet stale; using cached.
2342 DEBUG [2020-01-20 13:31:51]  Couldn't find template in cache for "register.ftl"("zh_CN", UTF-8, parsed); will try to load it.
2344 DEBUG [2020-01-20 13:31:51]  TemplateLoader.findTemplateSource("register_zh_CN.ftl"): Not found
2344 DEBUG [2020-01-20 13:31:51]  TemplateLoader.findTemplateSource("register_zh.ftl"): Not found
2344 DEBUG [2020-01-20 13:31:51]  TemplateLoader.findTemplateSource("register.ftl"): Found
2344 DEBUG [2020-01-20 13:31:51]  Loading template for "register.ftl"("zh_CN", UTF-8, parsed) from "F:\\Intellij_IDEA\\WeChat-Mall\\Wechat-Mall-Parent\\wechat-mall-web\\wechat-mall-mobile-web\\target\\classes\\templates\\register.ftl"
2374 DEBUG [2020-01-20 13:31:51]  "register.ftl"("zh_CN", UTF-8, parsed) cached copy not yet stale; using cached.
167827 DEBUG [2020-01-20 13:34:36]  Couldn't find template in cache for "index.ftl"("zh_CN", UTF-8, parsed); will try to load it.
167828 DEBUG [2020-01-20 13:34:36]  TemplateLoader.findTemplateSource("index_zh_CN.ftl"): Not found
167828 DEBUG [2020-01-20 13:34:36]  TemplateLoader.findTemplateSource("index_zh.ftl"): Not found
167829 DEBUG [2020-01-20 13:34:36]  TemplateLoader.findTemplateSource("index.ftl"): Found
167829 DEBUG [2020-01-20 13:34:36]  Loading template for "index.ftl"("zh_CN", UTF-8, parsed) from "F:\\Intellij_IDEA\\WeChat-Mall\\Wechat-Mall-Parent\\wechat-mall-web\\wechat-mall-mobile-web\\target\\classes\\templates\\index.ftl"
168033 DEBUG [2020-01-20 13:34:36]  "index.ftl"("zh_CN", UTF-8, parsed) cached copy not yet stale; using cached.
233453 DEBUG [2020-01-20 13:35:42]  TemplateLoader.findTemplateSource("register_zh_CN.ftl"): Not found
233454 DEBUG [2020-01-20 13:35:42]  TemplateLoader.findTemplateSource("register_zh.ftl"): Not found
233455 DEBUG [2020-01-20 13:35:42]  TemplateLoader.findTemplateSource("register.ftl"): Found
233455 DEBUG [2020-01-20 13:35:42]  "register.ftl"("zh_CN", UTF-8, parsed): using cached since F:\Intellij_IDEA\WeChat-Mall\Wechat-Mall-Parent\wechat-mall-web\wechat-mall-mobile-web\target\classes\templates\register.ftl hasn't changed.
233455 DEBUG [2020-01-20 13:35:42]  "register.ftl"("zh_CN", UTF-8, parsed) cached copy not yet stale; using cached.
286855 DEBUG [2020-01-20 13:36:35]  TemplateLoader.findTemplateSource("login_zh_CN.ftl"): Not found
286858 DEBUG [2020-01-20 13:36:35]  TemplateLoader.findTemplateSource("login_zh.ftl"): Not found
286858 DEBUG [2020-01-20 13:36:35]  TemplateLoader.findTemplateSource("login.ftl"): Found
286859 DEBUG [2020-01-20 13:36:35]  "login.ftl"("zh_CN", UTF-8, parsed): using cached since F:\Intellij_IDEA\WeChat-Mall\Wechat-Mall-Parent\wechat-mall-web\wechat-mall-mobile-web\target\classes\templates\login.ftl hasn't changed.
286859 DEBUG [2020-01-20 13:36:35]  "login.ftl"("zh_CN", UTF-8, parsed) cached copy not yet stale; using cached.
336520 DEBUG [2020-01-20 13:37:25]  TemplateLoader.findTemplateSource("index_zh_CN.ftl"): Not found
336521 DEBUG [2020-01-20 13:37:25]  TemplateLoader.findTemplateSource("index_zh.ftl"): Not found
336521 DEBUG [2020-01-20 13:37:25]  TemplateLoader.findTemplateSource("index.ftl"): Found
336522 DEBUG [2020-01-20 13:37:25]  "index.ftl"("zh_CN", UTF-8, parsed): using cached since F:\Intellij_IDEA\WeChat-Mall\Wechat-Mall-Parent\wechat-mall-web\wechat-mall-mobile-web\target\classes\templates\index.ftl hasn't changed.
336522 DEBUG [2020-01-20 13:37:25]  "index.ftl"("zh_CN", UTF-8, parsed) cached copy not yet stale; using cached.
379115 DEBUG [2020-01-20 13:38:08]  Couldn't find template in cache for "cart.ftl"("zh_CN", UTF-8, parsed); will try to load it.
379116 DEBUG [2020-01-20 13:38:08]  TemplateLoader.findTemplateSource("cart_zh_CN.ftl"): Not found
379117 DEBUG [2020-01-20 13:38:08]  TemplateLoader.findTemplateSource("cart_zh.ftl"): Not found
379117 DEBUG [2020-01-20 13:38:08]  TemplateLoader.findTemplateSource("cart.ftl"): Found
379117 DEBUG [2020-01-20 13:38:08]  Loading template for "cart.ftl"("zh_CN", UTF-8, parsed) from "F:\\Intellij_IDEA\\WeChat-Mall\\Wechat-Mall-Parent\\wechat-mall-web\\wechat-mall-mobile-web\\target\\classes\\templates\\cart.ftl"
379147 DEBUG [2020-01-20 13:38:08]  "cart.ftl"("zh_CN", UTF-8, parsed) cached copy not yet stale; using cached.
384707 DEBUG [2020-01-20 13:38:13]  Couldn't find template in cache for "usercenter.ftl"("zh_CN", UTF-8, parsed); will try to load it.
384708 DEBUG [2020-01-20 13:38:13]  TemplateLoader.findTemplateSource("usercenter_zh_CN.ftl"): Not found
384708 DEBUG [2020-01-20 13:38:13]  TemplateLoader.findTemplateSource("usercenter_zh.ftl"): Not found
384708 DEBUG [2020-01-20 13:38:13]  TemplateLoader.findTemplateSource("usercenter.ftl"): Found
384708 DEBUG [2020-01-20 13:38:13]  Loading template for "usercenter.ftl"("zh_CN", UTF-8, parsed) from "F:\\Intellij_IDEA\\WeChat-Mall\\Wechat-Mall-Parent\\wechat-mall-web\\wechat-mall-mobile-web\\target\\classes\\templates\\usercenter.ftl"
384732 DEBUG [2020-01-20 13:38:13]  "usercenter.ftl"("zh_CN", UTF-8, parsed) cached copy not yet stale; using cached.
395505 DEBUG [2020-01-20 13:38:24]  Couldn't find template in cache for "itemDesc.ftl"("zh_CN", UTF-8, parsed); will try to load it.
395506 DEBUG [2020-01-20 13:38:24]  TemplateLoader.findTemplateSource("itemDesc_zh_CN.ftl"): Not found
395507 DEBUG [2020-01-20 13:38:24]  TemplateLoader.findTemplateSource("itemDesc_zh.ftl"): Not found
395507 DEBUG [2020-01-20 13:38:24]  TemplateLoader.findTemplateSource("itemDesc.ftl"): Found
395507 DEBUG [2020-01-20 13:38:24]  Loading template for "itemDesc.ftl"("zh_CN", UTF-8, parsed) from "F:\\Intellij_IDEA\\WeChat-Mall\\Wechat-Mall-Parent\\wechat-mall-web\\wechat-mall-mobile-web\\target\\classes\\templates\\itemDesc.ftl"
395532 DEBUG [2020-01-20 13:38:24]  "itemDesc.ftl"("zh_CN", UTF-8, parsed) cached copy not yet stale; using cached.
406031 DEBUG [2020-01-20 13:38:34]  TemplateLoader.findTemplateSource("index_zh_CN.ftl"): Not found
406032 DEBUG [2020-01-20 13:38:34]  TemplateLoader.findTemplateSource("index_zh.ftl"): Not found
406033 DEBUG [2020-01-20 13:38:34]  TemplateLoader.findTemplateSource("index.ftl"): Found
406033 DEBUG [2020-01-20 13:38:34]  "index.ftl"("zh_CN", UTF-8, parsed): using cached since F:\Intellij_IDEA\WeChat-Mall\Wechat-Mall-Parent\wechat-mall-web\wechat-mall-mobile-web\target\classes\templates\index.ftl hasn't changed.
406033 DEBUG [2020-01-20 13:38:34]  "index.ftl"("zh_CN", UTF-8, parsed) cached copy not yet stale; using cached.
409168 DEBUG [2020-01-20 13:38:38]  TemplateLoader.findTemplateSource("itemDesc_zh_CN.ftl"): Not found
409168 DEBUG [2020-01-20 13:38:38]  TemplateLoader.findTemplateSource("itemDesc_zh.ftl"): Not found
409168 DEBUG [2020-01-20 13:38:38]  TemplateLoader.findTemplateSource("itemDesc.ftl"): Found
409168 DEBUG [2020-01-20 13:38:38]  "itemDesc.ftl"("zh_CN", UTF-8, parsed): using cached since F:\Intellij_IDEA\WeChat-Mall\Wechat-Mall-Parent\wechat-mall-web\wechat-mall-mobile-web\target\classes\templates\itemDesc.ftl hasn't changed.
409168 DEBUG [2020-01-20 13:38:38]  "itemDesc.ftl"("zh_CN", UTF-8, parsed) cached copy not yet stale; using cached.
412262 DEBUG [2020-01-20 13:38:41]  TemplateLoader.findTemplateSource("cart_zh_CN.ftl"): Not found
412263 DEBUG [2020-01-20 13:38:41]  TemplateLoader.findTemplateSource("cart_zh.ftl"): Not found
412263 DEBUG [2020-01-20 13:38:41]  TemplateLoader.findTemplateSource("cart.ftl"): Found
412264 DEBUG [2020-01-20 13:38:41]  "cart.ftl"("zh_CN", UTF-8, parsed): using cached since F:\Intellij_IDEA\WeChat-Mall\Wechat-Mall-Parent\wechat-mall-web\wechat-mall-mobile-web\target\classes\templates\cart.ftl hasn't changed.
412264 DEBUG [2020-01-20 13:38:41]  "cart.ftl"("zh_CN", UTF-8, parsed) cached copy not yet stale; using cached.
434446 DEBUG [2020-01-20 13:39:03]  Couldn't find template in cache for "orderDetail.ftl"("zh_CN", UTF-8, parsed); will try to load it.
434447 DEBUG [2020-01-20 13:39:03]  TemplateLoader.findTemplateSource("orderDetail_zh_CN.ftl"): Not found
434447 DEBUG [2020-01-20 13:39:03]  TemplateLoader.findTemplateSource("orderDetail_zh.ftl"): Not found
434447 DEBUG [2020-01-20 13:39:03]  TemplateLoader.findTemplateSource("orderDetail.ftl"): Found
434447 DEBUG [2020-01-20 13:39:03]  Loading template for "orderDetail.ftl"("zh_CN", UTF-8, parsed) from "F:\\Intellij_IDEA\\WeChat-Mall\\Wechat-Mall-Parent\\wechat-mall-web\\wechat-mall-mobile-web\\target\\classes\\templates\\orderDetail.ftl"
434504 DEBUG [2020-01-20 13:39:03]  "orderDetail.ftl"("zh_CN", UTF-8, parsed) cached copy not yet stale; using cached.
572561 DEBUG [2020-01-20 13:41:21]  Couldn't find template in cache for "error.ftl"("zh_CN", UTF-8, parsed); will try to load it.
572561 DEBUG [2020-01-20 13:41:21]  TemplateLoader.findTemplateSource("error_zh_CN.ftl"): Not found
572562 DEBUG [2020-01-20 13:41:21]  TemplateLoader.findTemplateSource("error_zh.ftl"): Not found
572562 DEBUG [2020-01-20 13:41:21]  TemplateLoader.findTemplateSource("error.ftl"): Found
572562 DEBUG [2020-01-20 13:41:21]  Loading template for "error.ftl"("zh_CN", UTF-8, parsed) from "F:\\Intellij_IDEA\\WeChat-Mall\\Wechat-Mall-Parent\\wechat-mall-web\\wechat-mall-mobile-web\\target\\classes\\templates\\error.ftl"
572563 DEBUG [2020-01-20 13:41:21]  "error.ftl"("zh_CN", UTF-8, parsed) cached copy not yet stale; using cached.
808050 DEBUG [2020-01-20 13:45:16]  Couldn't find template in cache for "error.ftl"("zh_CN", UTF-8, parsed); will try to load it.
808051 DEBUG [2020-01-20 13:45:16]  TemplateLoader.findTemplateSource("error_zh_CN.ftl"): Not found
808051 DEBUG [2020-01-20 13:45:16]  TemplateLoader.findTemplateSource("error_zh.ftl"): Not found
808052 DEBUG [2020-01-20 13:45:16]  TemplateLoader.findTemplateSource("error.ftl"): Found
808052 DEBUG [2020-01-20 13:45:16]  Loading template for "error.ftl"("zh_CN", UTF-8, parsed) from "F:\\Intellij_IDEA\\WeChat-Mall\\Wechat-Mall-Parent\\wechat-mall-web\\wechat-mall-mobile-web\\target\\classes\\templates\\error.ftl"
808052 DEBUG [2020-01-20 13:45:16]  "error.ftl"("zh_CN", UTF-8, parsed) cached copy not yet stale; using cached.
0    DEBUG [2020-01-20 13:46:25]  Couldn't find template in cache for "cart.ftl"("zh_CN", UTF-8, parsed); will try to load it.
3    DEBUG [2020-01-20 13:46:25]  TemplateLoader.findTemplateSource("cart_zh_CN.ftl"): Not found
5    DEBUG [2020-01-20 13:46:25]  TemplateLoader.findTemplateSource("cart_zh.ftl"): Not found
6    DEBUG [2020-01-20 13:46:25]  TemplateLoader.findTemplateSource("cart.ftl"): Found
6    DEBUG [2020-01-20 13:46:25]  Loading template for "cart.ftl"("zh_CN", UTF-8, parsed) from "F:\\Intellij_IDEA\\WeChat-Mall\\Wechat-Mall-Parent\\wechat-mall-web\\wechat-mall-mobile-web\\target\\classes\\templates\\cart.ftl"
161  DEBUG [2020-01-20 13:46:25]  "cart.ftl"("zh_CN", UTF-8, parsed) cached copy not yet stale; using cached.
4236 DEBUG [2020-01-20 13:46:29]  Couldn't find template in cache for "orderDetail.ftl"("zh_CN", UTF-8, parsed); will try to load it.
4237 DEBUG [2020-01-20 13:46:29]  TemplateLoader.findTemplateSource("orderDetail_zh_CN.ftl"): Not found
4238 DEBUG [2020-01-20 13:46:29]  TemplateLoader.findTemplateSource("orderDetail_zh.ftl"): Not found
4238 DEBUG [2020-01-20 13:46:29]  TemplateLoader.findTemplateSource("orderDetail.ftl"): Found
4238 DEBUG [2020-01-20 13:46:29]  Loading template for "orderDetail.ftl"("zh_CN", UTF-8, parsed) from "F:\\Intellij_IDEA\\WeChat-Mall\\Wechat-Mall-Parent\\wechat-mall-web\\wechat-mall-mobile-web\\target\\classes\\templates\\orderDetail.ftl"
4263 DEBUG [2020-01-20 13:46:29]  "orderDetail.ftl"("zh_CN", UTF-8, parsed) cached copy not yet stale; using cached.
212143 DEBUG [2020-01-20 13:49:57]  Couldn't find template in cache for "error.ftl"("zh_CN", UTF-8, parsed); will try to load it.
212144 DEBUG [2020-01-20 13:49:57]  TemplateLoader.findTemplateSource("error_zh_CN.ftl"): Not found
212144 DEBUG [2020-01-20 13:49:57]  TemplateLoader.findTemplateSource("error_zh.ftl"): Not found
212145 DEBUG [2020-01-20 13:49:57]  TemplateLoader.findTemplateSource("error.ftl"): Found
212145 DEBUG [2020-01-20 13:49:57]  Loading template for "error.ftl"("zh_CN", UTF-8, parsed) from "F:\\Intellij_IDEA\\WeChat-Mall\\Wechat-Mall-Parent\\wechat-mall-web\\wechat-mall-mobile-web\\target\\classes\\templates\\error.ftl"
212146 DEBUG [2020-01-20 13:49:57]  "error.ftl"("zh_CN", UTF-8, parsed) cached copy not yet stale; using cached.
1    DEBUG [2020-01-20 13:51:39]  Couldn't find template in cache for "cart.ftl"("zh_CN", UTF-8, parsed); will try to load it.
4    DEBUG [2020-01-20 13:51:39]  TemplateLoader.findTemplateSource("cart_zh_CN.ftl"): Not found
6    DEBUG [2020-01-20 13:51:39]  TemplateLoader.findTemplateSource("cart_zh.ftl"): Not found
7    DEBUG [2020-01-20 13:51:39]  TemplateLoader.findTemplateSource("cart.ftl"): Found
7    DEBUG [2020-01-20 13:51:39]  Loading template for "cart.ftl"("zh_CN", UTF-8, parsed) from "F:\\Intellij_IDEA\\WeChat-Mall\\Wechat-Mall-Parent\\wechat-mall-web\\wechat-mall-mobile-web\\target\\classes\\templates\\cart.ftl"
148  DEBUG [2020-01-20 13:51:39]  "cart.ftl"("zh_CN", UTF-8, parsed) cached copy not yet stale; using cached.
13628 DEBUG [2020-01-20 13:51:52]  Couldn't find template in cache for "orderDetail.ftl"("zh_CN", UTF-8, parsed); will try to load it.
13629 DEBUG [2020-01-20 13:51:52]  TemplateLoader.findTemplateSource("orderDetail_zh_CN.ftl"): Not found
13630 DEBUG [2020-01-20 13:51:52]  TemplateLoader.findTemplateSource("orderDetail_zh.ftl"): Not found
13630 DEBUG [2020-01-20 13:51:52]  TemplateLoader.findTemplateSource("orderDetail.ftl"): Found
13630 DEBUG [2020-01-20 13:51:52]  Loading template for "orderDetail.ftl"("zh_CN", UTF-8, parsed) from "F:\\Intellij_IDEA\\WeChat-Mall\\Wechat-Mall-Parent\\wechat-mall-web\\wechat-mall-mobile-web\\target\\classes\\templates\\orderDetail.ftl"
13634 DEBUG [2020-01-20 13:51:52]  "orderDetail.ftl"("zh_CN", UTF-8, parsed) cached copy not yet stale; using cached.
42145 DEBUG [2020-01-20 13:52:21]  Couldn't find template in cache for "error.ftl"("zh_CN", UTF-8, parsed); will try to load it.
42146 DEBUG [2020-01-20 13:52:21]  TemplateLoader.findTemplateSource("error_zh_CN.ftl"): Not found
42146 DEBUG [2020-01-20 13:52:21]  TemplateLoader.findTemplateSource("error_zh.ftl"): Not found
42147 DEBUG [2020-01-20 13:52:21]  TemplateLoader.findTemplateSource("error.ftl"): Found
42147 DEBUG [2020-01-20 13:52:21]  Loading template for "error.ftl"("zh_CN", UTF-8, parsed) from "F:\\Intellij_IDEA\\WeChat-Mall\\Wechat-Mall-Parent\\wechat-mall-web\\wechat-mall-mobile-web\\target\\classes\\templates\\error.ftl"
42149 DEBUG [2020-01-20 13:52:21]  "error.ftl"("zh_CN", UTF-8, parsed) cached copy not yet stale; using cached.
825863 DEBUG [2020-01-20 14:05:24]  TemplateLoader.findTemplateSource("cart_zh_CN.ftl"): Not found
825863 DEBUG [2020-01-20 14:05:24]  TemplateLoader.findTemplateSource("cart_zh.ftl"): Not found
825864 DEBUG [2020-01-20 14:05:24]  TemplateLoader.findTemplateSource("cart.ftl"): Found
825865 DEBUG [2020-01-20 14:05:24]  "cart.ftl"("zh_CN", UTF-8, parsed): using cached since F:\Intellij_IDEA\WeChat-Mall\Wechat-Mall-Parent\wechat-mall-web\wechat-mall-mobile-web\target\classes\templates\cart.ftl hasn't changed.
825865 DEBUG [2020-01-20 14:05:24]  "cart.ftl"("zh_CN", UTF-8, parsed) cached copy not yet stale; using cached.
888245 DEBUG [2020-01-20 14:06:27]  TemplateLoader.findTemplateSource("orderDetail_zh_CN.ftl"): Not found
888246 DEBUG [2020-01-20 14:06:27]  TemplateLoader.findTemplateSource("orderDetail_zh.ftl"): Not found
888247 DEBUG [2020-01-20 14:06:27]  TemplateLoader.findTemplateSource("orderDetail.ftl"): Found
888247 DEBUG [2020-01-20 14:06:27]  "orderDetail.ftl"("zh_CN", UTF-8, parsed): using cached since F:\Intellij_IDEA\WeChat-Mall\Wechat-Mall-Parent\wechat-mall-web\wechat-mall-mobile-web\target\classes\templates\orderDetail.ftl hasn't changed.
888247 DEBUG [2020-01-20 14:06:27]  "orderDetail.ftl"("zh_CN", UTF-8, parsed) cached copy not yet stale; using cached.
